<?xml version='1.0' encoding='UTF-8'?>
<testsuite hostname="seven4-ThinkPad-E470" name="co.com.scalatraining.collections.SetSuite" tests="18" errors="0" failures="0" time="0.165">
                     <properties>
[...]
</properties>
                     <testcase classname="co.com.scalatraining.collections.SetSuite" name="Construccion de un Set" time="0.005">
                                                 
                                               </testcase><testcase classname="co.com.scalatraining.collections.SetSuite" name="Adicion de un elemento a un Set" time="0.0">
                                                 
                                               </testcase><testcase classname="co.com.scalatraining.collections.SetSuite" name="Un conjunto no debe tener elementos repetidos" time="0.0">
                                                 
                                               </testcase><testcase classname="co.com.scalatraining.collections.SetSuite" name="map en un set" time="0.004">
                                                 
                                               </testcase><testcase classname="co.com.scalatraining.collections.SetSuite" name="head en un set" time="0.005">
                                                 
                                               </testcase><testcase classname="co.com.scalatraining.collections.SetSuite" name="tail en un set" time="0.001">
                                                 
                                               </testcase><testcase classname="co.com.scalatraining.collections.SetSuite" name="split en un set" time="0.002">
                                                 
                                               </testcase><testcase classname="co.com.scalatraining.collections.SetSuite" name="crear nuevo set con un item mas" time="0.013">
                                                 
                                               </testcase><testcase classname="co.com.scalatraining.collections.SetSuite" name="apply en set" time="0.0">
                                                 
                                               </testcase><testcase classname="co.com.scalatraining.collections.SetSuite" name="drop en set" time="0.0">
                                                 
                                               </testcase><testcase classname="co.com.scalatraining.collections.SetSuite" name="dropRight set" time="0.0">
                                                 
                                               </testcase><testcase classname="co.com.scalatraining.collections.SetSuite" name="filter en set" time="0.001">
                                                 
                                               </testcase><testcase classname="co.com.scalatraining.collections.SetSuite" name="foreach en set" time="0.001">
                                                 
                                               </testcase><testcase classname="co.com.scalatraining.collections.SetSuite" name="mkString en set" time="0.001">
                                                 
                                               </testcase><testcase classname="co.com.scalatraining.collections.SetSuite" name="sum en set" time="0.022">
                                                 
                                               </testcase><testcase classname="co.com.scalatraining.collections.SetSuite" name="SortedSet" time="0.068">
                                                 
                                               </testcase><testcase classname="co.com.scalatraining.collections.SetSuite" name="ListSet" time="0.005">
                                                 
                                               </testcase><testcase classname="co.com.scalatraining.collections.SetSuite" name="BitSet" time="0.037">
                                                 
                                               </testcase>
                     <system-out></system-out>
                     <system-err></system-err>
                   </testsuite>